<?xml version="1.0" encoding="UTF-8"?>
<testng-results skipped="0" failed="0" ignored="0" total="1" passed="1">
  <reporter-output>
  </reporter-output>
  <suite name="Default suite" duration-ms="37" started-at="2017-06-29T10:21:36Z" finished-at="2017-06-29T10:21:36Z">
    <groups>
    </groups>
    <test name="Default test" duration-ms="37" started-at="2017-06-29T10:21:36Z" finished-at="2017-06-29T10:21:36Z">
      <class name="com.wally.test.testUnit">
        <test-method status="PASS" signature="testUnit01()[pri:0, instance:com.wally.test.testUnit@6a4f787b]" name="testUnit01" duration-ms="6" started-at="2017-06-29T18:21:36Z" finished-at="2017-06-29T18:21:36Z">
          <reporter-output>
          </reporter-output>
        </test-method> <!-- testUnit01 -->
      </class> <!-- com.wally.test.testUnit -->
    </test> <!-- Default test -->
  </suite> <!-- Default suite -->
</testng-results>
